This file contains any messages produced by compilers while
running configure, to aid debugging if configure makes a mistake.

configure:592: checking host system type
configure:613: checking target system type
configure:631: checking build system type
configure:665: checking for a BSD compatible install
configure:718: checking whether build environment is sane
configure:775: checking whether make sets ${MAKE}
configure:821: checking for working aclocal
configure:834: checking for working autoconf
configure:847: checking for working automake
configure:860: checking for working autoheader
configure:873: checking for working makeinfo
configure:891: checking for gcc
configure:1004: checking whether the C compiler (gcc  ) works
configure:1020: gcc -o conftest    conftest.c  1>&5
configure:1046: checking whether the C compiler (gcc  ) is a cross-compiler
configure:1051: checking whether we are using GNU C
configure:1079: checking whether gcc accepts -g
configure:1111: checking for POSIXized ISC
configure:1135: checking for gcc
configure:1248: checking whether the C compiler (gcc -g -O2 ) works
configure:1264: gcc -o conftest -g -O2   conftest.c  1>&5
configure:1290: checking whether the C compiler (gcc -g -O2 ) is a cross-compiler
configure:1295: checking whether we are using GNU C
configure:1323: checking whether gcc accepts -g
configure:1355: checking how to run the C preprocessor
configure:1436: checking whether gcc needs -traditional
configure:1485: checking for gcc option to accept ANSI C
configure:1564: checking for function prototypes
configure:1795: checking for ranlib
configure:1834: checking for ld used by GCC
configure:1896: checking if the linker (/usr/bin/ld) is GNU ld
configure:1912: checking for BSD-compatible nm
configure:1948: checking whether ln -s works
ltconfig:603: checking for object suffix
ltconfig:604: gcc -c -g -O2  conftest.c 1>&5
ltconfig:629: checking for executable suffix
ltconfig:630: gcc -o conftest -g -O2   conftest.c  1>&5
ltconfig:776: checking if gcc PIC flag -fPIC works
ltconfig:777: gcc -c -g -O2 -fPIC -DPIC  conftest.c 1>&5
ltconfig:829: checking if gcc supports -c -o file.o
ltconfig:830: gcc -c -g -O2 -o out/conftest2.o  conftest.c 1>&5
ltconfig:862: checking if gcc supports -c -o file.lo
ltconfig:863: gcc -c -g -O2 -c -o conftest.lo  conftest.c 1>&5
ltconfig:914: checking if gcc supports -fno-rtti -fno-exceptions
ltconfig:915: gcc -c -g -O2 -fno-rtti -fno-exceptions -c conftest.c  conftest.c 1>&5
ltconfig:958: checking if gcc static flag -static works
ltconfig:959: gcc -o conftest -g -O2   -static conftest.c  1>&5
GNU ld version 2.9.5 (with BFD 2.9.5.0.31)
ltconfig:1635: checking if global_symbol_pipe works
ltconfig:1636: gcc -c -g -O2  conftest.c 1>&5
ltconfig:1639: eval "/usr/bin/nm -B conftest.o | sed -n -e 's/^.*[ 	]\([ABCDGISTW]\)[ 	][ 	]*\(\)\([_A-Za-z][_A-Za-z0-9]*\)$/\1 \2\3 \3/p' > conftest.nm"
ltconfig:1691: gcc -o conftest -g -O2 -fno-builtin -fno-rtti -fno-exceptions   conftest.c conftstm.o 1>&5
configure:2150: checking for a BSD compatible install
configure:2231: checking for alloca.h
configure:2231: checking for libintl.h
configure:2231: checking for mcheck.h
configure:2231: checking for unistd.h
configure:2268: checking for /usr/ucblib in LIBS
configure:2293: checking for strerror
configure:2293: checking for mtrace
configure:2348: checking for gettext
configure:2403: checking for dgettext
configure:2456: checking for setreuid
configure:2547: checking for working const
configure:2622: checking for inline
configure:2662: checking for off_t
configure:2695: checking for size_t
configure:2730: checking for working alloca.h
configure:2763: checking for alloca
configure:2965: checking for unistd.h
configure:3004: checking for getpagesize
configure:3057: checking for working mmap
configure:3233: checking for argz.h
configure:3233: checking for limits.h
configure:3233: checking for locale.h
configure:3233: checking for nl_types.h
configure:3233: checking for malloc.h
configure:3233: checking for string.h
configure:3233: checking for unistd.h
configure:3233: checking for sys/param.h
configure:3273: checking for getcwd
configure:3273: checking for munmap
configure:3273: checking for putenv
configure:3273: checking for setenv
configure:3273: checking for setlocale
configure:3273: checking for strchr
configure:3273: checking for strcasecmp
configure:3273: checking for strdup
configure:3273: checking for __argz_count
configure:3273: checking for __argz_stringify
configure:3273: checking for __argz_next
configure:3392: checking for LC_MESSAGES
configure:3425: checking whether NLS is requested
configure:3445: checking whether included gettext is requested
configure:3464: checking for libintl.h
configure:3491: checking for gettext in libc
configure:3617: checking for msgfmt
configure:3651: checking for dcgettext
configure:3706: checking for gmsgfmt
configure:3742: checking for xgettext
configure:3782: gcc -o conftest -Wall -g -O2   conftest.c  1>&5
configure:4240: checking for catalogs to be installed
