This file contains any messages produced by compilers while
running configure, to aid debugging if configure makes a mistake.

configure:573: checking for a BSD compatible install
configure:626: checking whether build environment is sane
configure:683: checking whether make sets ${MAKE}
configure:729: checking for working aclocal
configure:742: checking for working autoconf
configure:755: checking for working automake
configure:768: checking for working autoheader
configure:781: checking for working makeinfo
configure:874: checking host system type
configure:895: checking build system type
configure:915: checking for ranlib
configure:945: checking for gcc
configure:1058: checking whether the C compiler (gcc  ) works
configure:1074: gcc -o conftest    conftest.c  1>&5
configure:1100: checking whether the C compiler (gcc  ) is a cross-compiler
configure:1105: checking whether we are using GNU C
configure:1133: checking whether gcc accepts -g
configure:1176: checking for ld used by GCC
configure:1238: checking if the linker (/usr/bin/ld) is GNU ld
configure:1254: checking for BSD-compatible nm
configure:1290: checking whether ln -s works
ltconfig:603: checking for object suffix
ltconfig:604: gcc -c -g -O2  conftest.c 1>&5
ltconfig:629: checking for executable suffix
ltconfig:630: gcc -o conftest -g -O2   conftest.c  1>&5
ltconfig:776: checking if gcc PIC flag -fPIC works
ltconfig:777: gcc -c -g -O2 -fPIC -DPIC  conftest.c 1>&5
ltconfig:829: checking if gcc supports -c -o file.o
ltconfig:830: gcc -c -g -O2 -o out/conftest2.o  conftest.c 1>&5
ltconfig:862: checking if gcc supports -c -o file.lo
ltconfig:863: gcc -c -g -O2 -c -o conftest.lo  conftest.c 1>&5
ltconfig:914: checking if gcc supports -fno-rtti -fno-exceptions
ltconfig:915: gcc -c -g -O2 -fno-rtti -fno-exceptions -c conftest.c  conftest.c 1>&5
ltconfig:958: checking if gcc static flag -static works
ltconfig:959: gcc -o conftest -g -O2   -static conftest.c  1>&5
GNU ld version 2.9.5 (with BFD 2.9.5.0.31)
ltconfig:1592: checking if global_symbol_pipe works
ltconfig:1593: gcc -c -g -O2  conftest.c 1>&5
ltconfig:1596: eval "/usr/bin/nm -B conftest.o | sed -n -e 's/^.*[ 	]\([ABCDGISTW]\)[ 	][ 	]*\(\)\([_A-Za-z][_A-Za-z0-9]*\)$/\1 \2\3 \3/p' > conftest.nm"
ltconfig:1648: gcc -o conftest -g -O2 -fno-builtin -fno-rtti -fno-exceptions   conftest.c conftstm.o 1>&5
configure:1481: checking whether to enable maintainer-specific portions of Makefiles
configure:1511: checking host system type
configure:1537: checking for c++
configure:1569: checking whether the C++ compiler (c++  ) works
configure:1585: c++ -o conftest    conftest.C  1>&5
configure:1611: checking whether the C++ compiler (c++  ) is a cross-compiler
configure:1616: checking whether we are using GNU C++
configure:1644: checking whether c++ accepts -g
configure:1676: checking how to run the C++ preprocessor
configure:1721: checking for ranlib
configure:1760: checking for a BSD compatible install
configure:1814: checking how to run the C preprocessor
configure:1894: checking for ANSI C header files
configure:2001: checking for unistd.h
configure:2001: checking for errno.h
configure:2011: gcc -E  conftest.c >/dev/null 2>conftest.out
